0 info it worked if it ends with ok
1 verbose cli [ 'node', '/usr/local/bin/npm', 'install', 'materialui' ]
2 info using npm@1.4.28
3 info using node@v0.10.32
4 verbose readDependencies using package.json deps
5 verbose cache add [ 'materialui', null ]
6 verbose cache add name=undefined spec="materialui" args=["materialui",null]
7 verbose parsed url { protocol: null,
7 verbose parsed url   slashes: null,
7 verbose parsed url   auth: null,
7 verbose parsed url   host: null,
7 verbose parsed url   port: null,
7 verbose parsed url   hostname: null,
7 verbose parsed url   hash: null,
7 verbose parsed url   search: null,
7 verbose parsed url   query: null,
7 verbose parsed url   pathname: 'materialui',
7 verbose parsed url   path: 'materialui',
7 verbose parsed url   href: 'materialui' }
8 silly lockFile 21fac9ca-materialui materialui
9 verbose lock materialui /Users/SashaBayan/.npm/21fac9ca-materialui.lock
10 silly lockFile 21fac9ca-materialui materialui
11 silly lockFile 21fac9ca-materialui materialui
12 verbose addNamed [ 'materialui', '' ]
13 verbose addNamed [ null, '*' ]
14 silly lockFile ecd33a70-materialui materialui@
15 verbose lock materialui@ /Users/SashaBayan/.npm/ecd33a70-materialui.lock
16 silly addNameRange { name: 'materialui', range: '*', hasData: false }
17 verbose request where is /materialui
18 verbose request registry https://registry.npmjs.org/
19 verbose request id f5de346a0172b045
20 verbose url raw /materialui
21 verbose url resolving [ 'https://registry.npmjs.org/', './materialui' ]
22 verbose url resolved https://registry.npmjs.org/materialui
23 verbose request where is https://registry.npmjs.org/materialui
24 info trying registry request attempt 1 at 12:22:53
25 http GET https://registry.npmjs.org/materialui
26 http 404 https://registry.npmjs.org/materialui
27 verbose headers { date: 'Mon, 16 Feb 2015 20:22:53 GMT',
27 verbose headers   server: 'CouchDB/1.6.1 (Erlang OTP/R14B04)',
27 verbose headers   'content-type': 'application/json',
27 verbose headers   'cache-control': 'max-age=0',
27 verbose headers   'content-length': '52',
27 verbose headers   'accept-ranges': 'bytes',
27 verbose headers   via: '1.1 varnish',
27 verbose headers   age: '0',
27 verbose headers   'x-served-by': 'cache-lax1432-LAX',
27 verbose headers   'x-cache': 'MISS',
27 verbose headers   'x-cache-hits': '0',
27 verbose headers   'x-timer': 'S1424118172.933605,VS0,VE320',
27 verbose headers   'keep-alive': 'timeout=10, max=50',
27 verbose headers   connection: 'Keep-Alive' }
28 silly registry.get cb [ 404,
28 silly registry.get   { date: 'Mon, 16 Feb 2015 20:22:53 GMT',
28 silly registry.get     server: 'CouchDB/1.6.1 (Erlang OTP/R14B04)',
28 silly registry.get     'content-type': 'application/json',
28 silly registry.get     'cache-control': 'max-age=0',
28 silly registry.get     'content-length': '52',
28 silly registry.get     'accept-ranges': 'bytes',
28 silly registry.get     via: '1.1 varnish',
28 silly registry.get     age: '0',
28 silly registry.get     'x-served-by': 'cache-lax1432-LAX',
28 silly registry.get     'x-cache': 'MISS',
28 silly registry.get     'x-cache-hits': '0',
28 silly registry.get     'x-timer': 'S1424118172.933605,VS0,VE320',
28 silly registry.get     'keep-alive': 'timeout=10, max=50',
28 silly registry.get     connection: 'Keep-Alive' } ]
29 silly lockFile ecd33a70-materialui materialui@
30 silly lockFile ecd33a70-materialui materialui@
31 error 404 404 Not Found: materialui
31 error 404
31 error 404 'materialui' is not in the npm registry.
31 error 404 You should bug the author to publish it
31 error 404 It was specified as a dependency of 'SuperMusic'
31 error 404
31 error 404 Note that you can also install from a
31 error 404 tarball, folder, or http url, or git url.
32 error System Darwin 14.1.0
33 error command "node" "/usr/local/bin/npm" "install" "materialui"
34 error cwd /Users/SashaBayan/Desktop/SuperMusic
35 error node -v v0.10.32
36 error npm -v 1.4.28
37 error code E404
38 verbose exit [ 1, true ]
